0 info it worked if it ends with ok
1 verbose cli [ '/usr/bin/node', '/usr/bin/npm', 'run', 'lint' ]
2 info using npm@3.5.2
3 info using node@v8.10.0
4 verbose run-script [ 'prelint', 'lint', 'postlint' ]
5 info lifecycle fizz-buzz@1.0.0~prelint: fizz-buzz@1.0.0
6 silly lifecycle fizz-buzz@1.0.0~prelint: no script for prelint, continuing
7 info lifecycle fizz-buzz@1.0.0~lint: fizz-buzz@1.0.0
8 verbose lifecycle fizz-buzz@1.0.0~lint: unsafe-perm in lifecycle true
9 verbose lifecycle fizz-buzz@1.0.0~lint: PATH: /usr/share/npm/bin/node-gyp-bin:/home/tkd/workspace/git_actions/node_modules/.bin:/home/tkd/.goenv/shims:/home/tkd/.goenv/bin:/home/tkd/.pyenv/shims:/home/tkd/.pyenv/bin:/home/tkd/.tfenv/bin:/usr/local/sbin:/usr/local/bin:/usr/sbin:/usr/bin:/sbin:/bin:/usr/games:/usr/local/games:/mnt/c/Program Files/WindowsApps/CanonicalGroupLimited.UbuntuonWindows_1804.2020.5.0_x64__79rhkp1fndgsc:/mnt/c/Program Files (x86)/Common Files/Oracle/Java/javapath:/mnt/c/ProgramData/Oracle/Java/javapath:/mnt/c/Program Files (x86)/Intel/iCLS Client/:/mnt/c/Program Files/Intel/iCLS Client/:/mnt/c/WINDOWS/system32:/mnt/c/WINDOWS:/mnt/c/WINDOWS/System32/Wbem:/mnt/c/WINDOWS/System32/WindowsPowerShell/v1.0/:/mnt/c/Program Files (x86)/Intel/Intel(R) Management Engine Components/DAL:/mnt/c/Program Files/Intel/Intel(R) Management Engine Components/DAL:/mnt/c/Program Files (x86)/Intel/Intel(R) Management Engine Components/IPT:/mnt/c/Program Files/Intel/Intel(R) Management Engine Components/IPT:/mnt/c/w32tex/bin:/mnt/c/Program Files (x86)/gs/gs9.22/bin:/mnt/c/Program Files (x86)/gs/gs9.22/lib:/mnt/c/w32tex/bin/rungs.exe:/mnt/c/WINDOWS/System32/OpenSSH/:/mnt/d/tools/MinGW/bin:/mnt/d/tools/WindowsSDK/Windows Performance Toolkit/:/mnt/c/Program Files (x86)/Windows Live/Shared:/mnt/c/Program Files/Intel/WiFi/bin/:/mnt/c/Program Files/Common Files/Intel/WirelessCommon/:/mnt/c/Program Files/Git/cmd:/mnt/c/Program Files/Kubernetes/Minikube:/mnt/c/Users/tkd/AppData/Local/Microsoft/WindowsApps:/mnt/c/Program Files/Wireshark:/mnt/c/maven-3.5.2/bin:/mnt/c/Program Files/Java/jdk1.8.0_161/bin:/mnt/c/add/apache-freemarker-2.3.27-incubating-bin/freemarker.jar:/mnt/d/tools/fiddler:/mnt/d/tools/apache_flex_sdk/flex_sdk/bin:/mnt/c/Users/tkd/AppData/Local/Microsoft/WindowsApps:/mnt/c/Program Files (x86)/Nmap:/mnt/d/tools/vscode/Microsoft VS Code/bin:/snap/bin:/mnt/c/Program Files/Oracle/VirtualBox
10 verbose lifecycle fizz-buzz@1.0.0~lint: CWD: /home/tkd/workspace/git_actions
11 silly lifecycle fizz-buzz@1.0.0~lint: Args: [ '-c', 'eslint .' ]
12 silly lifecycle fizz-buzz@1.0.0~lint: Returned: code: 2  signal: null
13 info lifecycle fizz-buzz@1.0.0~lint: Failed to exec lint script
14 verbose stack Error: fizz-buzz@1.0.0 lint: `eslint .`
14 verbose stack Exit status 2
14 verbose stack     at EventEmitter.<anonymous> (/usr/share/npm/lib/utils/lifecycle.js:232:16)
14 verbose stack     at emitTwo (events.js:126:13)
14 verbose stack     at EventEmitter.emit (events.js:214:7)
14 verbose stack     at ChildProcess.<anonymous> (/usr/share/npm/lib/utils/spawn.js:24:14)
14 verbose stack     at emitTwo (events.js:126:13)
14 verbose stack     at ChildProcess.emit (events.js:214:7)
14 verbose stack     at maybeClose (internal/child_process.js:925:16)
14 verbose stack     at Process.ChildProcess._handle.onexit (internal/child_process.js:209:5)
15 verbose pkgid fizz-buzz@1.0.0
16 verbose cwd /home/tkd/workspace/git_actions
17 error Linux 4.4.0-18362-Microsoft
18 error argv "/usr/bin/node" "/usr/bin/npm" "run" "lint"
19 error node v8.10.0
20 error npm  v3.5.2
21 error code ELIFECYCLE
22 error fizz-buzz@1.0.0 lint: `eslint .`
22 error Exit status 2
23 error Failed at the fizz-buzz@1.0.0 lint script 'eslint .'.
23 error Make sure you have the latest version of node.js and npm installed.
23 error If you do, this is most likely a problem with the fizz-buzz package,
23 error not with npm itself.
23 error Tell the author that this fails on your system:
23 error     eslint .
23 error You can get information on how to open an issue for this project with:
23 error     npm bugs fizz-buzz
23 error Or if that isn't available, you can get their info via:
23 error     npm owner ls fizz-buzz
23 error There is likely additional logging output above.
24 verbose exit [ 1, true ]
